<?xml version="1.0" encoding="UTF-8"?>
<testsuite xmlns:xsi="http://www.w3.org/2001/XMLSchema-instance" xsi:noNamespaceSchemaLocation="https://maven.apache.org/surefire/maven-surefire-plugin/xsd/surefire-test-report.xsd" name="teds.PrimeiraProvaEx1.Equacao2oGrauTest" time="0.018" tests="1" errors="0" skipped="0" failures="1">
  <properties>
[...]
</properties>
  <testcase name="test" classname="teds.PrimeiraProvaEx1.Equacao2oGrauTest" time="0.014">
    <failure message="Unexpected exception type thrown ==&gt; expected: &lt;java.lang.IndexOutOfBoundsException&gt; but was: &lt;java.lang.ArithmeticException&gt;" type="org.opentest4j.AssertionFailedError"><![CDATA[org.opentest4j.AssertionFailedError: Unexpected exception type thrown ==> expected: <java.lang.IndexOutOfBoundsException> but was: <java.lang.ArithmeticException>
	at teds.PrimeiraProvaEx1.Equacao2oGrauTest.test(Equacao2oGrauTest.java:13)
Caused by: java.lang.ArithmeticException: Delta Negativo. Não existem raízes reais.
	at teds.PrimeiraProvaEx1.Equacao2oGrauTest.lambda$test$0(Equacao2oGrauTest.java:13)
	at teds.PrimeiraProvaEx1.Equacao2oGrauTest.test(Equacao2oGrauTest.java:13)
]]></failure>
  </testcase>
</testsuite>